[0.005s] Invoking command in '/home/s/repos/ov_ws/src/open_vins/build/ov_init': AMENT_PREFIX_PATH=/home/s/repos/ov_ws/src/open_vins/install/ov_core:${AMENT_PREFIX_PATH} CMAKE_PREFIX_PATH=/home/s/repos/ov_ws/src/open_vins/install/ov_core:/home/s/repos/ov_ws/install/ov_msckf:/home/s/repos/ov_ws/install/ov_init:/home/s/repos/ov_ws/install/ov_eval:/home/s/repos/ov_ws/install/ov_data:/home/s/repos/ov_ws/install/ov_core:/opt/ros/humble LD_LIBRARY_PATH=/home/s/repos/ov_ws/src/open_vins/install/ov_core/lib:${LD_LIBRARY_PATH} /usr/bin/cmake /home/s/repos/ov_ws/src/open_vins/ov_init -DCMAKE_INSTALL_PREFIX=/home/s/repos/ov_ws/src/open_vins/install/ov_init
[0.035s] -- The C compiler identification is GNU 11.4.0
[0.062s] -- The CXX compiler identification is GNU 11.4.0
[0.065s] -- Detecting C compiler ABI info
[0.103s] -- Detecting C compiler ABI info - done
[0.106s] -- Check for working C compiler: /usr/bin/cc - skipped
[0.107s] -- Detecting C compile features
[0.107s] -- Detecting C compile features - done
[0.108s] -- Detecting CXX compiler ABI info
[0.152s] -- Detecting CXX compiler ABI info - done
[0.155s] -- Check for working CXX compiler: /usr/bin/c++ - skipped
[0.155s] -- Detecting CXX compile features
[0.156s] -- Detecting CXX compile features - done
[0.248s] -- Found Boost: /usr/lib/x86_64-linux-gnu/cmake/Boost-1.74.0/BoostConfig.cmake (found version "1.74.0") found components: system filesystem thread date_time 
[0.250s] -- Found Threads: TRUE  
[0.250s] -- Found required Ceres dependency: Eigen version 3.4.0 in /usr/local/include/eigen3
[0.253s] -- Found required Ceres dependency: glog
[0.253s] -- Found required Ceres dependency: gflags
[0.253s] -- Found Ceres version: 2.0.0 installed in: /usr with components: [EigenSparse, SparseLinearAlgebraLibrary, LAPACK, SuiteSparse, CXSparse, SchurSpecializations, Multithreading]
[0.253s] -- OPENCV: 4.5.5 | BOOST: 1.74.0 | CERES: 2.0.0
[0.258s] -- PYTHON VERSION: 3.10.12
[0.258s] -- PYTHON INCLUDE: /usr/include/python3.10
[0.258s] -- PYTHON LIBRARIES: /usr/lib/x86_64-linux-gnu/libpython3.10.so
[0.322s] -- Found Python3: /usr/bin/python3 (found version "3.10.12") found components: Interpreter 
[0.364s] -- ROS *2* version found, building ROS2.cmake
[0.365s] -- Found rclcpp: 16.0.12 (/opt/ros/humble/share/rclcpp/cmake)
[0.382s] -- Found rosidl_generator_c: 3.1.6 (/opt/ros/humble/share/rosidl_generator_c/cmake)
[0.384s] -- Found rosidl_adapter: 3.1.6 (/opt/ros/humble/share/rosidl_adapter/cmake)
[0.388s] -- Found rosidl_generator_cpp: 3.1.6 (/opt/ros/humble/share/rosidl_generator_cpp/cmake)
[0.393s] -- Using all available rosidl_typesupport_c: rosidl_typesupport_fastrtps_c;rosidl_typesupport_introspection_c
[0.401s] -- Using all available rosidl_typesupport_cpp: rosidl_typesupport_fastrtps_cpp;rosidl_typesupport_introspection_cpp
[0.421s] -- Found rmw_implementation_cmake: 6.1.2 (/opt/ros/humble/share/rmw_implementation_cmake/cmake)
[0.422s] -- Found rmw_fastrtps_cpp: 6.2.7 (/opt/ros/humble/share/rmw_fastrtps_cpp/cmake)
[0.469s] -- Found OpenSSL: /usr/lib/x86_64-linux-gnu/libcrypto.so (found version "3.0.2")  
[0.481s] -- Found FastRTPS: /opt/ros/humble/include  
[0.502s] -- Using RMW implementation 'rmw_fastrtps_cpp' as default
[0.529s] -- Found cv_bridge: 3.2.1 (/opt/ros/humble/share/cv_bridge/cmake)
[0.543s] -- Found ov_core: 2.7.0 (/home/s/repos/ov_ws/src/open_vins/install/ov_core/share/ov_core/cmake)
[0.578s] -- Configuring done
[0.589s] -- Generating done
[0.593s] -- Build files have been written to: /home/s/repos/ov_ws/src/open_vins/build/ov_init
[0.598s] Invoked command in '/home/s/repos/ov_ws/src/open_vins/build/ov_init' returned '0': AMENT_PREFIX_PATH=/home/s/repos/ov_ws/src/open_vins/install/ov_core:${AMENT_PREFIX_PATH} CMAKE_PREFIX_PATH=/home/s/repos/ov_ws/src/open_vins/install/ov_core:/home/s/repos/ov_ws/install/ov_msckf:/home/s/repos/ov_ws/install/ov_init:/home/s/repos/ov_ws/install/ov_eval:/home/s/repos/ov_ws/install/ov_data:/home/s/repos/ov_ws/install/ov_core:/opt/ros/humble LD_LIBRARY_PATH=/home/s/repos/ov_ws/src/open_vins/install/ov_core/lib:${LD_LIBRARY_PATH} /usr/bin/cmake /home/s/repos/ov_ws/src/open_vins/ov_init -DCMAKE_INSTALL_PREFIX=/home/s/repos/ov_ws/src/open_vins/install/ov_init
[0.599s] Invoking command in '/home/s/repos/ov_ws/src/open_vins/build/ov_init': AMENT_PREFIX_PATH=/home/s/repos/ov_ws/src/open_vins/install/ov_core:${AMENT_PREFIX_PATH} CMAKE_PREFIX_PATH=/home/s/repos/ov_ws/src/open_vins/install/ov_core:/home/s/repos/ov_ws/install/ov_msckf:/home/s/repos/ov_ws/install/ov_init:/home/s/repos/ov_ws/install/ov_eval:/home/s/repos/ov_ws/install/ov_data:/home/s/repos/ov_ws/install/ov_core:/opt/ros/humble LD_LIBRARY_PATH=/home/s/repos/ov_ws/src/open_vins/install/ov_core/lib:${LD_LIBRARY_PATH} /usr/bin/cmake --build /home/s/repos/ov_ws/src/open_vins/build/ov_init -- -j32 -l32
[0.627s] [ 12%] [32mBuilding CXX object CMakeFiles/ov_init_lib.dir/src/ceres/State_JPLQuatLocal.cpp.o[0m
[0.627s] [ 12%] [32mBuilding CXX object CMakeFiles/ov_init_lib.dir/src/ceres/Factor_ImageReprojCalib.cpp.o[0m
[0.628s] [ 18%] [32mBuilding CXX object CMakeFiles/ov_init_lib.dir/src/ceres/Factor_ImuCPIv1.cpp.o[0m
[0.628s] [ 25%] [32mBuilding CXX object CMakeFiles/ov_init_lib.dir/src/static/StaticInitializer.cpp.o[0m
[0.628s] [ 31%] [32mBuilding CXX object CMakeFiles/ov_init_lib.dir/src/sim/SimulatorInit.cpp.o[0m
[0.628s] [ 37%] [32mBuilding CXX object CMakeFiles/ov_init_lib.dir/src/dummy.cpp.o[0m
[0.628s] [ 43%] [32mBuilding CXX object CMakeFiles/ov_init_lib.dir/src/ceres/Factor_GenericPrior.cpp.o[0m
[0.629s] [ 56%] [32mBuilding CXX object CMakeFiles/ov_init_lib.dir/src/dynamic/DynamicInitializer.cpp.o[0m
[0.629s] [ 56%] [32mBuilding CXX object CMakeFiles/ov_init_lib.dir/src/init/InertialInitializer.cpp.o[0m
[38.505s] [ 62%] [32m[1mLinking CXX shared library libov_init_lib.so[0m
[39.551s] [ 62%] Built target ov_init_lib
[39.563s] [ 68%] [32mBuilding CXX object CMakeFiles/test_dynamic_init.dir/src/test_dynamic_init.cpp.o[0m
[39.563s] [ 75%] [32mBuilding CXX object CMakeFiles/test_dynamic_mle.dir/src/test_dynamic_mle.cpp.o[0m
[39.565s] [ 81%] [32mBuilding CXX object CMakeFiles/test_simulation.dir/src/test_simulation.cpp.o[0m
[48.026s] [ 87%] [32m[1mLinking CXX executable test_simulation[0m
[48.202s] [ 87%] Built target test_simulation
[51.155s] [ 93%] [32m[1mLinking CXX executable test_dynamic_mle[0m
[51.370s] [ 93%] Built target test_dynamic_mle
[54.905s] [100%] [32m[1mLinking CXX executable test_dynamic_init[0m
[55.153s] [100%] Built target test_dynamic_init
[55.161s] Invoked command in '/home/s/repos/ov_ws/src/open_vins/build/ov_init' returned '0': AMENT_PREFIX_PATH=/home/s/repos/ov_ws/src/open_vins/install/ov_core:${AMENT_PREFIX_PATH} CMAKE_PREFIX_PATH=/home/s/repos/ov_ws/src/open_vins/install/ov_core:/home/s/repos/ov_ws/install/ov_msckf:/home/s/repos/ov_ws/install/ov_init:/home/s/repos/ov_ws/install/ov_eval:/home/s/repos/ov_ws/install/ov_data:/home/s/repos/ov_ws/install/ov_core:/opt/ros/humble LD_LIBRARY_PATH=/home/s/repos/ov_ws/src/open_vins/install/ov_core/lib:${LD_LIBRARY_PATH} /usr/bin/cmake --build /home/s/repos/ov_ws/src/open_vins/build/ov_init -- -j32 -l32
[55.162s] Invoking command in '/home/s/repos/ov_ws/src/open_vins/build/ov_init': AMENT_PREFIX_PATH=/home/s/repos/ov_ws/src/open_vins/install/ov_core:${AMENT_PREFIX_PATH} CMAKE_PREFIX_PATH=/home/s/repos/ov_ws/src/open_vins/install/ov_core:/home/s/repos/ov_ws/install/ov_msckf:/home/s/repos/ov_ws/install/ov_init:/home/s/repos/ov_ws/install/ov_eval:/home/s/repos/ov_ws/install/ov_data:/home/s/repos/ov_ws/install/ov_core:/opt/ros/humble LD_LIBRARY_PATH=/home/s/repos/ov_ws/src/open_vins/install/ov_core/lib:${LD_LIBRARY_PATH} /usr/bin/cmake --install /home/s/repos/ov_ws/src/open_vins/build/ov_init
[55.166s] -- Install configuration: ""
[55.166s] -- Installing: /home/s/repos/ov_ws/src/open_vins/install/ov_init/lib/libov_init_lib.so
[55.206s] -- Set runtime path of "/home/s/repos/ov_ws/src/open_vins/install/ov_init/lib/libov_init_lib.so" to ""
[55.206s] -- Installing: /home/s/repos/ov_ws/src/open_vins/install/ov_init/include
[55.206s] -- Installing: /home/s/repos/ov_ws/src/open_vins/install/ov_init/include/ceres
[55.206s] -- Installing: /home/s/repos/ov_ws/src/open_vins/install/ov_init/include/ceres/Factor_ImageReprojCalib.h
[55.206s] -- Installing: /home/s/repos/ov_ws/src/open_vins/install/ov_init/include/ceres/State_JPLQuatLocal.h
[55.206s] -- Installing: /home/s/repos/ov_ws/src/open_vins/install/ov_init/include/ceres/Factor_GenericPrior.h
[55.206s] -- Installing: /home/s/repos/ov_ws/src/open_vins/install/ov_init/include/ceres/Factor_ImuCPIv1.h
[55.206s] -- Installing: /home/s/repos/ov_ws/src/open_vins/install/ov_init/include/init
[55.206s] -- Installing: /home/s/repos/ov_ws/src/open_vins/install/ov_init/include/init/InertialInitializerOptions.h
[55.206s] -- Installing: /home/s/repos/ov_ws/src/open_vins/install/ov_init/include/init/InertialInitializer.h
[55.206s] -- Installing: /home/s/repos/ov_ws/src/open_vins/install/ov_init/include/sim
[55.206s] -- Installing: /home/s/repos/ov_ws/src/open_vins/install/ov_init/include/sim/SimulatorInit.h
[55.206s] -- Installing: /home/s/repos/ov_ws/src/open_vins/install/ov_init/include/dynamic
[55.206s] -- Installing: /home/s/repos/ov_ws/src/open_vins/install/ov_init/include/dynamic/DynamicInitializer.h
[55.206s] -- Installing: /home/s/repos/ov_ws/src/open_vins/install/ov_init/include/utils
[55.206s] -- Installing: /home/s/repos/ov_ws/src/open_vins/install/ov_init/include/utils/helper.h
[55.206s] -- Installing: /home/s/repos/ov_ws/src/open_vins/install/ov_init/include/static
[55.206s] -- Installing: /home/s/repos/ov_ws/src/open_vins/install/ov_init/include/static/StaticInitializer.h
[55.206s] -- Installing: /home/s/repos/ov_ws/src/open_vins/install/ov_init/share/ov_init/environment/library_path.sh
[55.206s] -- Installing: /home/s/repos/ov_ws/src/open_vins/install/ov_init/share/ov_init/environment/library_path.dsv
[55.206s] -- Installing: /home/s/repos/ov_ws/src/open_vins/install/ov_init/lib/ov_init/test_simulation
[55.212s] -- Set runtime path of "/home/s/repos/ov_ws/src/open_vins/install/ov_init/lib/ov_init/test_simulation" to ""
[55.212s] -- Installing: /home/s/repos/ov_ws/src/open_vins/install/ov_init/lib/ov_init/test_dynamic_mle
[55.219s] -- Set runtime path of "/home/s/repos/ov_ws/src/open_vins/install/ov_init/lib/ov_init/test_dynamic_mle" to ""
[55.219s] -- Installing: /home/s/repos/ov_ws/src/open_vins/install/ov_init/lib/ov_init/test_dynamic_init
[55.229s] -- Set runtime path of "/home/s/repos/ov_ws/src/open_vins/install/ov_init/lib/ov_init/test_dynamic_init" to ""
[55.229s] -- Installing: /home/s/repos/ov_ws/src/open_vins/install/ov_init/share/ov_init/launch/
[55.229s] -- Installing: /home/s/repos/ov_ws/src/open_vins/install/ov_init/share/ov_init/launch//display.rviz
[55.229s] -- Installing: /home/s/repos/ov_ws/src/open_vins/install/ov_init/share/ov_init/launch//mle.launch
[55.229s] -- Installing: /home/s/repos/ov_ws/src/open_vins/install/ov_init/share/ov_init/launch//dynamic.launch
[55.229s] -- Installing: /home/s/repos/ov_ws/src/open_vins/install/ov_init/share/ament_index/resource_index/package_run_dependencies/ov_init
[55.229s] -- Installing: /home/s/repos/ov_ws/src/open_vins/install/ov_init/share/ament_index/resource_index/parent_prefix_path/ov_init
[55.229s] -- Installing: /home/s/repos/ov_ws/src/open_vins/install/ov_init/share/ov_init/environment/ament_prefix_path.sh
[55.229s] -- Installing: /home/s/repos/ov_ws/src/open_vins/install/ov_init/share/ov_init/environment/ament_prefix_path.dsv
[55.229s] -- Installing: /home/s/repos/ov_ws/src/open_vins/install/ov_init/share/ov_init/environment/path.sh
[55.229s] -- Installing: /home/s/repos/ov_ws/src/open_vins/install/ov_init/share/ov_init/environment/path.dsv
[55.229s] -- Installing: /home/s/repos/ov_ws/src/open_vins/install/ov_init/share/ov_init/local_setup.bash
[55.229s] -- Installing: /home/s/repos/ov_ws/src/open_vins/install/ov_init/share/ov_init/local_setup.sh
[55.229s] -- Installing: /home/s/repos/ov_ws/src/open_vins/install/ov_init/share/ov_init/local_setup.zsh
[55.230s] -- Installing: /home/s/repos/ov_ws/src/open_vins/install/ov_init/share/ov_init/local_setup.dsv
[55.230s] -- Installing: /home/s/repos/ov_ws/src/open_vins/install/ov_init/share/ov_init/package.dsv
[55.230s] -- Installing: /home/s/repos/ov_ws/src/open_vins/install/ov_init/share/ament_index/resource_index/packages/ov_init
[55.230s] -- Installing: /home/s/repos/ov_ws/src/open_vins/install/ov_init/share/ov_init/cmake/ament_cmake_export_include_directories-extras.cmake
[55.230s] -- Installing: /home/s/repos/ov_ws/src/open_vins/install/ov_init/share/ov_init/cmake/ament_cmake_export_libraries-extras.cmake
[55.230s] -- Installing: /home/s/repos/ov_ws/src/open_vins/install/ov_init/share/ov_init/cmake/ov_initConfig.cmake
[55.230s] -- Installing: /home/s/repos/ov_ws/src/open_vins/install/ov_init/share/ov_init/cmake/ov_initConfig-version.cmake
[55.230s] -- Installing: /home/s/repos/ov_ws/src/open_vins/install/ov_init/share/ov_init/package.xml
[55.231s] Invoked command in '/home/s/repos/ov_ws/src/open_vins/build/ov_init' returned '0': AMENT_PREFIX_PATH=/home/s/repos/ov_ws/src/open_vins/install/ov_core:${AMENT_PREFIX_PATH} CMAKE_PREFIX_PATH=/home/s/repos/ov_ws/src/open_vins/install/ov_core:/home/s/repos/ov_ws/install/ov_msckf:/home/s/repos/ov_ws/install/ov_init:/home/s/repos/ov_ws/install/ov_eval:/home/s/repos/ov_ws/install/ov_data:/home/s/repos/ov_ws/install/ov_core:/opt/ros/humble LD_LIBRARY_PATH=/home/s/repos/ov_ws/src/open_vins/install/ov_core/lib:${LD_LIBRARY_PATH} /usr/bin/cmake --install /home/s/repos/ov_ws/src/open_vins/build/ov_init
