[0.004s] Invoking command in '/home/s/repos/ov_ws/src/open_vins/build/ov_data': CMAKE_PREFIX_PATH=${CMAKE_PREFIX_PATH}:/opt/ros/humble /usr/bin/cmake /home/s/repos/ov_ws/src/open_vins/ov_data -DCMAKE_INSTALL_PREFIX=/home/s/repos/ov_ws/src/open_vins/install/ov_data
[0.038s] -- The C compiler identification is GNU 11.4.0
[0.070s] -- The CXX compiler identification is GNU 11.4.0
[0.073s] -- Detecting C compiler ABI info
[0.114s] -- Detecting C compiler ABI info - done
[0.118s] -- Check for working C compiler: /usr/bin/cc - skipped
[0.118s] -- Detecting C compile features
[0.119s] -- Detecting C compile features - done
[0.120s] -- Detecting CXX compiler ABI info
[0.167s] -- Detecting CXX compiler ABI info - done
[0.171s] -- Check for working CXX compiler: /usr/bin/c++ - skipped
[0.171s] -- Detecting CXX compile features
[0.171s] -- Detecting CXX compile features - done
[0.242s] -- Found Python3: /usr/bin/python3 (found version "3.10.12") found components: Interpreter 
[0.282s] -- ROS *2* version found
[0.312s] -- Configuring done
[0.312s] -- Generating done
[0.313s] -- Build files have been written to: /home/s/repos/ov_ws/src/open_vins/build/ov_data
[0.316s] Invoked command in '/home/s/repos/ov_ws/src/open_vins/build/ov_data' returned '0': CMAKE_PREFIX_PATH=${CMAKE_PREFIX_PATH}:/opt/ros/humble /usr/bin/cmake /home/s/repos/ov_ws/src/open_vins/ov_data -DCMAKE_INSTALL_PREFIX=/home/s/repos/ov_ws/src/open_vins/install/ov_data
[0.317s] Invoking command in '/home/s/repos/ov_ws/src/open_vins/build/ov_data': CMAKE_PREFIX_PATH=${CMAKE_PREFIX_PATH}:/opt/ros/humble /usr/bin/cmake --build /home/s/repos/ov_ws/src/open_vins/build/ov_data -- -j32 -l32
[0.337s] Invoked command in '/home/s/repos/ov_ws/src/open_vins/build/ov_data' returned '0': CMAKE_PREFIX_PATH=${CMAKE_PREFIX_PATH}:/opt/ros/humble /usr/bin/cmake --build /home/s/repos/ov_ws/src/open_vins/build/ov_data -- -j32 -l32
[0.343s] Invoking command in '/home/s/repos/ov_ws/src/open_vins/build/ov_data': CMAKE_PREFIX_PATH=${CMAKE_PREFIX_PATH}:/opt/ros/humble /usr/bin/cmake --install /home/s/repos/ov_ws/src/open_vins/build/ov_data
[0.347s] -- Install configuration: ""
[0.348s] -- Installing: /home/s/repos/ov_ws/src/open_vins/install/ov_data/share/ament_index/resource_index/package_run_dependencies/ov_data
[0.348s] -- Installing: /home/s/repos/ov_ws/src/open_vins/install/ov_data/share/ament_index/resource_index/parent_prefix_path/ov_data
[0.348s] -- Installing: /home/s/repos/ov_ws/src/open_vins/install/ov_data/share/ov_data/environment/ament_prefix_path.sh
[0.348s] -- Installing: /home/s/repos/ov_ws/src/open_vins/install/ov_data/share/ov_data/environment/ament_prefix_path.dsv
[0.348s] -- Installing: /home/s/repos/ov_ws/src/open_vins/install/ov_data/share/ov_data/environment/path.sh
[0.348s] -- Installing: /home/s/repos/ov_ws/src/open_vins/install/ov_data/share/ov_data/environment/path.dsv
[0.348s] -- Installing: /home/s/repos/ov_ws/src/open_vins/install/ov_data/share/ov_data/local_setup.bash
[0.348s] -- Installing: /home/s/repos/ov_ws/src/open_vins/install/ov_data/share/ov_data/local_setup.sh
[0.348s] -- Installing: /home/s/repos/ov_ws/src/open_vins/install/ov_data/share/ov_data/local_setup.zsh
[0.348s] -- Installing: /home/s/repos/ov_ws/src/open_vins/install/ov_data/share/ov_data/local_setup.dsv
[0.348s] -- Installing: /home/s/repos/ov_ws/src/open_vins/install/ov_data/share/ov_data/package.dsv
[0.348s] -- Installing: /home/s/repos/ov_ws/src/open_vins/install/ov_data/share/ament_index/resource_index/packages/ov_data
[0.348s] -- Installing: /home/s/repos/ov_ws/src/open_vins/install/ov_data/share/ov_data/cmake/ov_dataConfig.cmake
[0.348s] -- Installing: /home/s/repos/ov_ws/src/open_vins/install/ov_data/share/ov_data/cmake/ov_dataConfig-version.cmake
[0.348s] -- Installing: /home/s/repos/ov_ws/src/open_vins/install/ov_data/share/ov_data/package.xml
[0.349s] Invoked command in '/home/s/repos/ov_ws/src/open_vins/build/ov_data' returned '0': CMAKE_PREFIX_PATH=${CMAKE_PREFIX_PATH}:/opt/ros/humble /usr/bin/cmake --install /home/s/repos/ov_ws/src/open_vins/build/ov_data
